<?xml version="1.0" encoding="UTF-8"?>
<testsuite xmlns:xsi="http://www.w3.org/2001/XMLSchema-instance" xsi:noNamespaceSchemaLocation="https://maven.apache.org/surefire/maven-surefire-plugin/xsd/surefire-test-report-3.0.xsd" version="3.0" name="com.losheroes.app.cliente.ClienteApplicationTests(sponge_log)" time="0.846" tests="1" errors="0" skipped="0" failures="0">
  <properties>
    <property name="gopherProxySet" value="false"/>
    <property name="awt.toolkit" value="sun.lwawt.macosx.LWCToolkit"/>
    <property name="file.encoding.pkg" value="sun.io"/>
    <property name="java.specification.version" value="1.8"/>
    <property name="sun.cpu.isalist" value=""/>
    <property name="sun.jnu.encoding" value="UTF-8"/>
    <property name="java.class.path" value="/Users/mau-mbp/workspace/app-caja-los-heroes-cliente/target/test-classes:/Users/mau-mbp/workspace/app-caja-los-heroes-cliente/target/classes:/Users/mau-mbp/.m2/repository/org/springframework/boot/spring-boot-starter-web/2.6.6/spring-boot-starter-web-2.6.6.jar:/Users/mau-mbp/.m2/repository/org/springframework/boot/spring-boot-starter/2.6.6/spring-boot-starter-2.6.6.jar:/Users/mau-mbp/.m2/repository/org/springframework/boot/spring-boot/2.6.6/spring-boot-2.6.6.jar:/Users/mau-mbp/.m2/repository/org/springframework/boot/spring-boot-autoconfigure/2.6.6/spring-boot-autoconfigure-2.6.6.jar:/Users/mau-mbp/.m2/repository/org/springframework/boot/spring-boot-starter-logging/2.6.6/spring-boot-starter-logging-2.6.6.jar:/Users/mau-mbp/.m2/repository/ch/qos/logback/logback-classic/1.2.11/logback-classic-1.2.11.jar:/Users/mau-mbp/.m2/repository/ch/qos/logback/logback-core/1.2.11/logback-core-1.2.11.jar:/Users/mau-mbp/.m2/repository/org/apache/logging/log4j/log4j-to-slf4j/2.17.2/log4j-to-slf4j-2.17.2.jar:/Users/mau-mbp/.m2/repository/org/apache/logging/log4j/log4j-api/2.17.2/log4j-api-2.17.2.jar:/Users/mau-mbp/.m2/repository/jakarta/annotation/jakarta.annotation-api/1.3.5/jakarta.annotation-api-1.3.5.jar:/Users/mau-mbp/.m2/repository/org/yaml/snakeyaml/1.29/snakeyaml-1.29.jar:/Users/mau-mbp/.m2/repository/org/springframework/boot/spring-boot-starter-json/2.6.6/spring-boot-starter-json-2.6.6.jar:/Users/mau-mbp/.m2/repository/com/fasterxml/jackson/core/jackson-databind/2.13.2.2/jackson-databind-2.13.2.2.jar:/Users/mau-mbp/.m2/repository/com/fasterxml/jackson/datatype/jackson-datatype-jdk8/2.13.2/jackson-datatype-jdk8-2.13.2.jar:/Users/mau-mbp/.m2/repository/com/fasterxml/jackson/datatype/jackson-datatype-jsr310/2.13.2/jackson-datatype-jsr310-2.13.2.jar:/Users/mau-mbp/.m2/repository/com/fasterxml/jackson/module/jackson-module-parameter-names/2.13.2/jackson-module-parameter-names-2.13.2.jar:/Users/mau-mbp/.m2/repository/org/springframework/spring-web/5.3.18/spring-web-5.3.18.jar:/Users/mau-mbp/.m2/repository/org/springframework/spring-beans/5.3.18/spring-beans-5.3.18.jar:/Users/mau-mbp/.m2/repository/org/springframework/spring-webmvc/5.3.18/spring-webmvc-5.3.18.jar:/Users/mau-mbp/.m2/repository/org/springframework/spring-aop/5.3.18/spring-aop-5.3.18.jar:/Users/mau-mbp/.m2/repository/org/springframework/spring-context/5.3.18/spring-context-5.3.18.jar:/Users/mau-mbp/.m2/repository/org/springframework/spring-expression/5.3.18/spring-expression-5.3.18.jar:/Users/mau-mbp/.m2/repository/org/slf4j/jul-to-slf4j/1.7.36/jul-to-slf4j-1.7.36.jar:/Users/mau-mbp/.m2/repository/org/slf4j/slf4j-api/1.7.36/slf4j-api-1.7.36.jar:/Users/mau-mbp/.m2/repository/javax/servlet/javax.servlet-api/4.0.1/javax.servlet-api-4.0.1.jar:/Users/mau-mbp/.m2/repository/org/springframework/boot/spring-boot-starter-test/2.6.6/spring-boot-starter-test-2.6.6.jar:/Users/mau-mbp/.m2/repository/org/springframework/boot/spring-boot-test/2.6.6/spring-boot-test-2.6.6.jar:/Users/mau-mbp/.m2/repository/org/springframework/boot/spring-boot-test-autoconfigure/2.6.6/spring-boot-test-autoconfigure-2.6.6.jar:/Users/mau-mbp/.m2/repository/com/jayway/jsonpath/json-path/2.6.0/json-path-2.6.0.jar:/Users/mau-mbp/.m2/repository/net/minidev/json-smart/2.4.8/json-smart-2.4.8.jar:/Users/mau-mbp/.m2/repository/net/minidev/accessors-smart/2.4.8/accessors-smart-2.4.8.jar:/Users/mau-mbp/.m2/repository/org/ow2/asm/asm/9.1/asm-9.1.jar:/Users/mau-mbp/.m2/repository/jakarta/xml/bind/jakarta.xml.bind-api/2.3.3/jakarta.xml.bind-api-2.3.3.jar:/Users/mau-mbp/.m2/repository/jakarta/activation/jakarta.activation-api/1.2.2/jakarta.activation-api-1.2.2.jar:/Users/mau-mbp/.m2/repository/org/assertj/assertj-core/3.21.0/assertj-core-3.21.0.jar:/Users/mau-mbp/.m2/repository/org/hamcrest/hamcrest/2.2/hamcrest-2.2.jar:/Users/mau-mbp/.m2/repository/org/junit/jupiter/junit-jupiter/5.8.2/junit-jupiter-5.8.2.jar:/Users/mau-mbp/.m2/repository/org/junit/jupiter/junit-jupiter-api/5.8.2/junit-jupiter-api-5.8.2.jar:/Users/mau-mbp/.m2/repository/org/opentest4j/opentest4j/1.2.0/opentest4j-1.2.0.jar:/Users/mau-mbp/.m2/repository/org/junit/platform/junit-platform-commons/1.8.2/junit-platform-commons-1.8.2.jar:/Users/mau-mbp/.m2/repository/org/apiguardian/apiguardian-api/1.1.2/apiguardian-api-1.1.2.jar:/Users/mau-mbp/.m2/repository/org/junit/jupiter/junit-jupiter-params/5.8.2/junit-jupiter-params-5.8.2.jar:/Users/mau-mbp/.m2/repository/org/junit/jupiter/junit-jupiter-engine/5.8.2/junit-jupiter-engine-5.8.2.jar:/Users/mau-mbp/.m2/repository/org/junit/platform/junit-platform-engine/1.8.2/junit-platform-engine-1.8.2.jar:/Users/mau-mbp/.m2/repository/org/mockito/mockito-core/4.0.0/mockito-core-4.0.0.jar:/Users/mau-mbp/.m2/repository/net/bytebuddy/byte-buddy/1.11.22/byte-buddy-1.11.22.jar:/Users/mau-mbp/.m2/repository/net/bytebuddy/byte-buddy-agent/1.11.22/byte-buddy-agent-1.11.22.jar:/Users/mau-mbp/.m2/repository/org/objenesis/objenesis/3.2/objenesis-3.2.jar:/Users/mau-mbp/.m2/repository/org/mockito/mockito-junit-jupiter/4.0.0/mockito-junit-jupiter-4.0.0.jar:/Users/mau-mbp/.m2/repository/org/skyscreamer/jsonassert/1.5.0/jsonassert-1.5.0.jar:/Users/mau-mbp/.m2/repository/com/vaadin/external/google/android-json/0.0.20131108.vaadin1/android-json-0.0.20131108.vaadin1.jar:/Users/mau-mbp/.m2/repository/org/springframework/spring-core/5.3.18/spring-core-5.3.18.jar:/Users/mau-mbp/.m2/repository/org/springframework/spring-jcl/5.3.18/spring-jcl-5.3.18.jar:/Users/mau-mbp/.m2/repository/org/springframework/spring-test/5.3.18/spring-test-5.3.18.jar:/Users/mau-mbp/.m2/repository/org/xmlunit/xmlunit-core/2.8.4/xmlunit-core-2.8.4.jar:/Users/mau-mbp/.m2/repository/junit/junit/4.13.2/junit-4.13.2.jar:/Users/mau-mbp/.m2/repository/org/hamcrest/hamcrest-core/2.2/hamcrest-core-2.2.jar:/Users/mau-mbp/.m2/repository/org/springframework/boot/spring-boot-starter-data-rest/2.6.6/spring-boot-starter-data-rest-2.6.6.jar:/Users/mau-mbp/.m2/repository/org/springframework/data/spring-data-rest-webmvc/3.6.3/spring-data-rest-webmvc-3.6.3.jar:/Users/mau-mbp/.m2/repository/org/springframework/data/spring-data-rest-core/3.6.3/spring-data-rest-core-3.6.3.jar:/Users/mau-mbp/.m2/repository/org/springframework/hateoas/spring-hateoas/1.4.1/spring-hateoas-1.4.1.jar:/Users/mau-mbp/.m2/repository/org/springframework/plugin/spring-plugin-core/2.0.0.RELEASE/spring-plugin-core-2.0.0.RELEASE.jar:/Users/mau-mbp/.m2/repository/org/atteo/evo-inflector/1.3/evo-inflector-1.3.jar:/Users/mau-mbp/.m2/repository/com/fasterxml/jackson/core/jackson-annotations/2.13.2/jackson-annotations-2.13.2.jar:/Users/mau-mbp/.m2/repository/org/projectlombok/lombok/1.18.22/lombok-1.18.22.jar:/Users/mau-mbp/.m2/repository/org/springdoc/springdoc-openapi-ui/1.6.4/springdoc-openapi-ui-1.6.4.jar:/Users/mau-mbp/.m2/repository/org/springdoc/springdoc-openapi-webmvc-core/1.6.4/springdoc-openapi-webmvc-core-1.6.4.jar:/Users/mau-mbp/.m2/repository/org/springdoc/springdoc-openapi-common/1.6.4/springdoc-openapi-common-1.6.4.jar:/Users/mau-mbp/.m2/repository/io/swagger/core/v3/swagger-core/2.1.12/swagger-core-2.1.12.jar:/Users/mau-mbp/.m2/repository/org/apache/commons/commons-lang3/3.12.0/commons-lang3-3.12.0.jar:/Users/mau-mbp/.m2/repository/com/fasterxml/jackson/dataformat/jackson-dataformat-yaml/2.13.2/jackson-dataformat-yaml-2.13.2.jar:/Users/mau-mbp/.m2/repository/io/swagger/core/v3/swagger-annotations/2.1.12/swagger-annotations-2.1.12.jar:/Users/mau-mbp/.m2/repository/io/swagger/core/v3/swagger-models/2.1.12/swagger-models-2.1.12.jar:/Users/mau-mbp/.m2/repository/jakarta/validation/jakarta.validation-api/2.0.2/jakarta.validation-api-2.0.2.jar:/Users/mau-mbp/.m2/repository/org/webjars/swagger-ui/4.1.3/swagger-ui-4.1.3.jar:/Users/mau-mbp/.m2/repository/org/webjars/webjars-locator-core/0.48/webjars-locator-core-0.48.jar:/Users/mau-mbp/.m2/repository/com/fasterxml/jackson/core/jackson-core/2.13.2/jackson-core-2.13.2.jar:/Users/mau-mbp/.m2/repository/io/github/classgraph/classgraph/4.8.138/classgraph-4.8.138.jar:/Users/mau-mbp/.m2/repository/org/springframework/boot/spring-boot-starter-data-jpa/2.6.6/spring-boot-starter-data-jpa-2.6.6.jar:/Users/mau-mbp/.m2/repository/org/springframework/boot/spring-boot-starter-aop/2.6.6/spring-boot-starter-aop-2.6.6.jar:/Users/mau-mbp/.m2/repository/org/aspectj/aspectjweaver/1.9.7/aspectjweaver-1.9.7.jar:/Users/mau-mbp/.m2/repository/org/springframework/boot/spring-boot-starter-jdbc/2.6.6/spring-boot-starter-jdbc-2.6.6.jar:/Users/mau-mbp/.m2/repository/com/zaxxer/HikariCP/4.0.3/HikariCP-4.0.3.jar:/Users/mau-mbp/.m2/repository/org/springframework/spring-jdbc/5.3.18/spring-jdbc-5.3.18.jar:/Users/mau-mbp/.m2/repository/jakarta/transaction/jakarta.transaction-api/1.3.3/jakarta.transaction-api-1.3.3.jar:/Users/mau-mbp/.m2/repository/jakarta/persistence/jakarta.persistence-api/2.2.3/jakarta.persistence-api-2.2.3.jar:/Users/mau-mbp/.m2/repository/org/hibernate/hibernate-core/5.6.7.Final/hibernate-core-5.6.7.Final.jar:/Users/mau-mbp/.m2/repository/org/jboss/logging/jboss-logging/3.4.3.Final/jboss-logging-3.4.3.Final.jar:/Users/mau-mbp/.m2/repository/antlr/antlr/2.7.7/antlr-2.7.7.jar:/Users/mau-mbp/.m2/repository/org/jboss/jandex/2.4.2.Final/jandex-2.4.2.Final.jar:/Users/mau-mbp/.m2/repository/com/fasterxml/classmate/1.5.1/classmate-1.5.1.jar:/Users/mau-mbp/.m2/repository/org/hibernate/common/hibernate-commons-annotations/5.1.2.Final/hibernate-commons-annotations-5.1.2.Final.jar:/Users/mau-mbp/.m2/repository/org/glassfish/jaxb/jaxb-runtime/2.3.6/jaxb-runtime-2.3.6.jar:/Users/mau-mbp/.m2/repository/org/glassfish/jaxb/txw2/2.3.6/txw2-2.3.6.jar:/Users/mau-mbp/.m2/repository/com/sun/istack/istack-commons-runtime/3.0.12/istack-commons-runtime-3.0.12.jar:/Users/mau-mbp/.m2/repository/com/sun/activation/jakarta.activation/1.2.2/jakarta.activation-1.2.2.jar:/Users/mau-mbp/.m2/repository/org/springframework/data/spring-data-jpa/2.6.3/spring-data-jpa-2.6.3.jar:/Users/mau-mbp/.m2/repository/org/springframework/data/spring-data-commons/2.6.3/spring-data-commons-2.6.3.jar:/Users/mau-mbp/.m2/repository/org/springframework/spring-orm/5.3.18/spring-orm-5.3.18.jar:/Users/mau-mbp/.m2/repository/org/springframework/spring-tx/5.3.18/spring-tx-5.3.18.jar:/Users/mau-mbp/.m2/repository/org/springframework/spring-aspects/5.3.18/spring-aspects-5.3.18.jar:/Users/mau-mbp/.m2/repository/mysql/mysql-connector-java/8.0.28/mysql-connector-java-8.0.28.jar:/Users/mau-mbp/.m2/repository/org/apache/maven/plugins/maven-war-plugin/3.3.2/maven-war-plugin-3.3.2.jar:/Users/mau-mbp/.m2/repository/org/apache/maven/maven-plugin-api/3.1.0/maven-plugin-api-3.1.0.jar:/Users/mau-mbp/.m2/repository/org/apache/maven/maven-core/3.1.0/maven-core-3.1.0.jar:/Users/mau-mbp/.m2/repository/org/apache/maven/maven-settings/3.1.0/maven-settings-3.1.0.jar:/Users/mau-mbp/.m2/repository/org/apache/maven/maven-settings-builder/3.1.0/maven-settings-builder-3.1.0.jar:/Users/mau-mbp/.m2/repository/org/apache/maven/maven-repository-metadata/3.1.0/maven-repository-metadata-3.1.0.jar:/Users/mau-mbp/.m2/repository/org/apache/maven/maven-model-builder/3.1.0/maven-model-builder-3.1.0.jar:/Users/mau-mbp/.m2/repository/org/apache/maven/maven-aether-provider/3.1.0/maven-aether-provider-3.1.0.jar:/Users/mau-mbp/.m2/repository/org/eclipse/aether/aether-spi/0.9.0.M2/aether-spi-0.9.0.M2.jar:/Users/mau-mbp/.m2/repository/org/eclipse/aether/aether-impl/0.9.0.M2/aether-impl-0.9.0.M2.jar:/Users/mau-mbp/.m2/repository/org/eclipse/aether/aether-util/0.9.0.M2/aether-util-0.9.0.M2.jar:/Users/mau-mbp/.m2/repository/org/codehaus/plexus/plexus-classworlds/2.4.2/plexus-classworlds-2.4.2.jar:/Users/mau-mbp/.m2/repository/org/codehaus/plexus/plexus-component-annotations/1.5.5/plexus-component-annotations-1.5.5.jar:/Users/mau-mbp/.m2/repository/org/sonatype/plexus/plexus-sec-dispatcher/1.3/plexus-sec-dispatcher-1.3.jar:/Users/mau-mbp/.m2/repository/org/sonatype/plexus/plexus-cipher/1.4/plexus-cipher-1.4.jar:/Users/mau-mbp/.m2/repository/org/apache/maven/maven-model/3.1.0/maven-model-3.1.0.jar:/Users/mau-mbp/.m2/repository/org/apache/maven/maven-archiver/3.5.0/maven-archiver-3.5.0.jar:/Users/mau-mbp/.m2/repository/org/apache/maven/maven-artifact/3.1.0/maven-artifact-3.1.0.jar:/Users/mau-mbp/.m2/repository/org/apache/maven/shared/maven-shared-utils/3.2.1/maven-shared-utils-3.2.1.jar:/Users/mau-mbp/.m2/repository/commons-io/commons-io/2.6/commons-io-2.6.jar:/Users/mau-mbp/.m2/repository/org/codehaus/plexus/plexus-archiver/4.2.2/plexus-archiver-4.2.2.jar:/Users/mau-mbp/.m2/repository/org/codehaus/plexus/plexus-io/3.2.0/plexus-io-3.2.0.jar:/Users/mau-mbp/.m2/repository/org/apache/commons/commons-compress/1.20/commons-compress-1.20.jar:/Users/mau-mbp/.m2/repository/org/iq80/snappy/snappy/0.4/snappy-0.4.jar:/Users/mau-mbp/.m2/repository/org/tukaani/xz/1.8/xz-1.8.jar:/Users/mau-mbp/.m2/repository/org/codehaus/plexus/plexus-interpolation/1.26/plexus-interpolation-1.26.jar:/Users/mau-mbp/.m2/repository/org/codehaus/plexus/plexus-utils/3.3.0/plexus-utils-3.3.0.jar:/Users/mau-mbp/.m2/repository/org/apache/maven/shared/maven-filtering/3.1.1/maven-filtering-3.1.1.jar:/Users/mau-mbp/.m2/repository/org/sonatype/plexus/plexus-build-api/0.0.7/plexus-build-api-0.0.7.jar:/Users/mau-mbp/.m2/repository/org/apache/maven/shared/maven-mapping/3.0.0/maven-mapping-3.0.0.jar:/Users/mau-mbp/.m2/repository/org/eclipse/aether/aether-api/0.9.0.M2/aether-api-0.9.0.M2.jar:/Users/mau-mbp/.m2/repository/org/eclipse/sisu/org.eclipse.sisu.plexus/0.0.0.M2a/org.eclipse.sisu.plexus-0.0.0.M2a.jar:/Users/mau-mbp/.m2/repository/javax/enterprise/cdi-api/1.0/cdi-api-1.0.jar:/Users/mau-mbp/.m2/repository/javax/annotation/jsr250-api/1.0/jsr250-api-1.0.jar:/Users/mau-mbp/.m2/repository/javax/inject/javax.inject/1/javax.inject-1.jar:/Users/mau-mbp/.m2/repository/org/sonatype/sisu/sisu-guice/3.1.0/sisu-guice-3.1.0-no_aop.jar:/Users/mau-mbp/.m2/repository/aopalliance/aopalliance/1.0/aopalliance-1.0.jar:/Users/mau-mbp/.m2/repository/org/eclipse/sisu/org.eclipse.sisu.inject/0.0.0.M2a/org.eclipse.sisu.inject-0.0.0.M2a.jar:/Users/mau-mbp/.m2/repository/asm/asm/3.3.1/asm-3.3.1.jar:/Users/mau-mbp/.m2/repository/com/github/spotbugs/spotbugs-annotations/4.5.0/spotbugs-annotations-4.5.0.jar:/Users/mau-mbp/.m2/repository/com/google/code/findbugs/jsr305/3.0.2/jsr305-3.0.2.jar:/Users/mau-mbp/.m2/repository/com/google/cloud/google-cloud-core/2.3.2/google-cloud-core-2.3.2-tests.jar:/Users/mau-mbp/.m2/repository/com/google/guava/guava/31.0.1-jre/guava-31.0.1-jre.jar:/Users/mau-mbp/.m2/repository/com/google/guava/failureaccess/1.0.1/failureaccess-1.0.1.jar:/Users/mau-mbp/.m2/repository/com/google/guava/listenablefuture/9999.0-empty-to-avoid-conflict-with-guava/listenablefuture-9999.0-empty-to-avoid-conflict-with-guava.jar:/Users/mau-mbp/.m2/repository/org/checkerframework/checker-qual/3.12.0/checker-qual-3.12.0.jar:/Users/mau-mbp/.m2/repository/com/google/errorprone/error_prone_annotations/2.7.1/error_prone_annotations-2.7.1.jar:/Users/mau-mbp/.m2/repository/com/google/j2objc/j2objc-annotations/1.3/j2objc-annotations-1.3.jar:/Users/mau-mbp/.m2/repository/com/google/api/gax/2.7.0/gax-2.7.0.jar:/Users/mau-mbp/.m2/repository/io/opencensus/opencensus-api/0.28.0/opencensus-api-0.28.0.jar:/Users/mau-mbp/.m2/repository/io/grpc/grpc-context/1.27.2/grpc-context-1.27.2.jar:/Users/mau-mbp/.m2/repository/com/google/auto/value/auto-value-annotations/1.8.2/auto-value-annotations-1.8.2.jar:/Users/mau-mbp/.m2/repository/com/google/protobuf/protobuf-java-util/3.19.1/protobuf-java-util-3.19.1.jar:/Users/mau-mbp/.m2/repository/com/google/code/gson/gson/2.8.9/gson-2.8.9.jar:/Users/mau-mbp/.m2/repository/com/google/api/grpc/proto-google-common-protos/2.7.0/proto-google-common-protos-2.7.0.jar:/Users/mau-mbp/.m2/repository/com/google/api/grpc/proto-google-iam-v1/1.1.7/proto-google-iam-v1-1.1.7.jar:/Users/mau-mbp/.m2/repository/org/threeten/threetenbp/1.5.2/threetenbp-1.5.2.jar:/Users/mau-mbp/.m2/repository/com/google/api/api-common/2.1.1/api-common-2.1.1.jar:/Users/mau-mbp/.m2/repository/javax/annotation/javax.annotation-api/1.3.2/javax.annotation-api-1.3.2.jar:/Users/mau-mbp/.m2/repository/com/google/auth/google-auth-library-credentials/1.3.0/google-auth-library-credentials-1.3.0.jar:/Users/mau-mbp/.m2/repository/com/google/auth/google-auth-library-oauth2-http/1.3.0/google-auth-library-oauth2-http-1.3.0.jar:/Users/mau-mbp/.m2/repository/com/google/http-client/google-http-client/1.40.1/google-http-client-1.40.1.jar:/Users/mau-mbp/.m2/repository/org/apache/httpcomponents/httpclient/4.5.13/httpclient-4.5.13.jar:/Users/mau-mbp/.m2/repository/commons-codec/commons-codec/1.15/commons-codec-1.15.jar:/Users/mau-mbp/.m2/repository/org/apache/httpcomponents/httpcore/4.4.15/httpcore-4.4.15.jar:/Users/mau-mbp/.m2/repository/io/opencensus/opencensus-contrib-http-util/0.28.0/opencensus-contrib-http-util-0.28.0.jar:/Users/mau-mbp/.m2/repository/com/google/http-client/google-http-client-gson/1.40.1/google-http-client-gson-1.40.1.jar:/Users/mau-mbp/.m2/repository/com/google/protobuf/protobuf-java/3.19.1/protobuf-java-3.19.1.jar:"/>
    <property name="java.vm.vendor" value="Oracle Corporation"/>
    <property name="sun.arch.data.model" value="64"/>
    <property name="java.vendor.url" value="http://java.oracle.com/"/>
    <property name="user.timezone" value=""/>
    <property name="java.vm.specification.version" value="1.8"/>
    <property name="os.name" value="Mac OS X"/>
    <property name="user.country" value="CL"/>
    <property name="sun.java.launcher" value="SUN_STANDARD"/>
    <property name="sun.boot.library.path" value="/Library/Java/JavaVirtualMachines/jdk1.8.0_331.jdk/Contents/Home/jre/lib"/>
    <property name="sun.java.command" value="/Users/mau-mbp/workspace/app-caja-los-heroes-cliente/target/surefire/surefirebooter3223672881317119146.jar /Users/mau-mbp/workspace/app-caja-los-heroes-cliente/target/surefire 2022-11-07T11-22-42_675-jvmRun1 surefire6515642493439271990tmp surefire_019446192200976508tmp"/>
    <property name="http.nonProxyHosts" value="local|*.local|169.254/16|*.169.254/16"/>
    <property name="surefire.test.class.path" value="/Users/mau-mbp/workspace/app-caja-los-heroes-cliente/target/test-classes:/Users/mau-mbp/workspace/app-caja-los-heroes-cliente/target/classes:/Users/mau-mbp/.m2/repository/org/springframework/boot/spring-boot-starter-web/2.6.6/spring-boot-starter-web-2.6.6.jar:/Users/mau-mbp/.m2/repository/org/springframework/boot/spring-boot-starter/2.6.6/spring-boot-starter-2.6.6.jar:/Users/mau-mbp/.m2/repository/org/springframework/boot/spring-boot/2.6.6/spring-boot-2.6.6.jar:/Users/mau-mbp/.m2/repository/org/springframework/boot/spring-boot-autoconfigure/2.6.6/spring-boot-autoconfigure-2.6.6.jar:/Users/mau-mbp/.m2/repository/org/springframework/boot/spring-boot-starter-logging/2.6.6/spring-boot-starter-logging-2.6.6.jar:/Users/mau-mbp/.m2/repository/ch/qos/logback/logback-classic/1.2.11/logback-classic-1.2.11.jar:/Users/mau-mbp/.m2/repository/ch/qos/logback/logback-core/1.2.11/logback-core-1.2.11.jar:/Users/mau-mbp/.m2/repository/org/apache/logging/log4j/log4j-to-slf4j/2.17.2/log4j-to-slf4j-2.17.2.jar:/Users/mau-mbp/.m2/repository/org/apache/logging/log4j/log4j-api/2.17.2/log4j-api-2.17.2.jar:/Users/mau-mbp/.m2/repository/jakarta/annotation/jakarta.annotation-api/1.3.5/jakarta.annotation-api-1.3.5.jar:/Users/mau-mbp/.m2/repository/org/yaml/snakeyaml/1.29/snakeyaml-1.29.jar:/Users/mau-mbp/.m2/repository/org/springframework/boot/spring-boot-starter-json/2.6.6/spring-boot-starter-json-2.6.6.jar:/Users/mau-mbp/.m2/repository/com/fasterxml/jackson/core/jackson-databind/2.13.2.2/jackson-databind-2.13.2.2.jar:/Users/mau-mbp/.m2/repository/com/fasterxml/jackson/datatype/jackson-datatype-jdk8/2.13.2/jackson-datatype-jdk8-2.13.2.jar:/Users/mau-mbp/.m2/repository/com/fasterxml/jackson/datatype/jackson-datatype-jsr310/2.13.2/jackson-datatype-jsr310-2.13.2.jar:/Users/mau-mbp/.m2/repository/com/fasterxml/jackson/module/jackson-module-parameter-names/2.13.2/jackson-module-parameter-names-2.13.2.jar:/Users/mau-mbp/.m2/repository/org/springframework/spring-web/5.3.18/spring-web-5.3.18.jar:/Users/mau-mbp/.m2/repository/org/springframework/spring-beans/5.3.18/spring-beans-5.3.18.jar:/Users/mau-mbp/.m2/repository/org/springframework/spring-webmvc/5.3.18/spring-webmvc-5.3.18.jar:/Users/mau-mbp/.m2/repository/org/springframework/spring-aop/5.3.18/spring-aop-5.3.18.jar:/Users/mau-mbp/.m2/repository/org/springframework/spring-context/5.3.18/spring-context-5.3.18.jar:/Users/mau-mbp/.m2/repository/org/springframework/spring-expression/5.3.18/spring-expression-5.3.18.jar:/Users/mau-mbp/.m2/repository/org/slf4j/jul-to-slf4j/1.7.36/jul-to-slf4j-1.7.36.jar:/Users/mau-mbp/.m2/repository/org/slf4j/slf4j-api/1.7.36/slf4j-api-1.7.36.jar:/Users/mau-mbp/.m2/repository/javax/servlet/javax.servlet-api/4.0.1/javax.servlet-api-4.0.1.jar:/Users/mau-mbp/.m2/repository/org/springframework/boot/spring-boot-starter-test/2.6.6/spring-boot-starter-test-2.6.6.jar:/Users/mau-mbp/.m2/repository/org/springframework/boot/spring-boot-test/2.6.6/spring-boot-test-2.6.6.jar:/Users/mau-mbp/.m2/repository/org/springframework/boot/spring-boot-test-autoconfigure/2.6.6/spring-boot-test-autoconfigure-2.6.6.jar:/Users/mau-mbp/.m2/repository/com/jayway/jsonpath/json-path/2.6.0/json-path-2.6.0.jar:/Users/mau-mbp/.m2/repository/net/minidev/json-smart/2.4.8/json-smart-2.4.8.jar:/Users/mau-mbp/.m2/repository/net/minidev/accessors-smart/2.4.8/accessors-smart-2.4.8.jar:/Users/mau-mbp/.m2/repository/org/ow2/asm/asm/9.1/asm-9.1.jar:/Users/mau-mbp/.m2/repository/jakarta/xml/bind/jakarta.xml.bind-api/2.3.3/jakarta.xml.bind-api-2.3.3.jar:/Users/mau-mbp/.m2/repository/jakarta/activation/jakarta.activation-api/1.2.2/jakarta.activation-api-1.2.2.jar:/Users/mau-mbp/.m2/repository/org/assertj/assertj-core/3.21.0/assertj-core-3.21.0.jar:/Users/mau-mbp/.m2/repository/org/hamcrest/hamcrest/2.2/hamcrest-2.2.jar:/Users/mau-mbp/.m2/repository/org/junit/jupiter/junit-jupiter/5.8.2/junit-jupiter-5.8.2.jar:/Users/mau-mbp/.m2/repository/org/junit/jupiter/junit-jupiter-api/5.8.2/junit-jupiter-api-5.8.2.jar:/Users/mau-mbp/.m2/repository/org/opentest4j/opentest4j/1.2.0/opentest4j-1.2.0.jar:/Users/mau-mbp/.m2/repository/org/junit/platform/junit-platform-commons/1.8.2/junit-platform-commons-1.8.2.jar:/Users/mau-mbp/.m2/repository/org/apiguardian/apiguardian-api/1.1.2/apiguardian-api-1.1.2.jar:/Users/mau-mbp/.m2/repository/org/junit/jupiter/junit-jupiter-params/5.8.2/junit-jupiter-params-5.8.2.jar:/Users/mau-mbp/.m2/repository/org/junit/jupiter/junit-jupiter-engine/5.8.2/junit-jupiter-engine-5.8.2.jar:/Users/mau-mbp/.m2/repository/org/junit/platform/junit-platform-engine/1.8.2/junit-platform-engine-1.8.2.jar:/Users/mau-mbp/.m2/repository/org/mockito/mockito-core/4.0.0/mockito-core-4.0.0.jar:/Users/mau-mbp/.m2/repository/net/bytebuddy/byte-buddy/1.11.22/byte-buddy-1.11.22.jar:/Users/mau-mbp/.m2/repository/net/bytebuddy/byte-buddy-agent/1.11.22/byte-buddy-agent-1.11.22.jar:/Users/mau-mbp/.m2/repository/org/objenesis/objenesis/3.2/objenesis-3.2.jar:/Users/mau-mbp/.m2/repository/org/mockito/mockito-junit-jupiter/4.0.0/mockito-junit-jupiter-4.0.0.jar:/Users/mau-mbp/.m2/repository/org/skyscreamer/jsonassert/1.5.0/jsonassert-1.5.0.jar:/Users/mau-mbp/.m2/repository/com/vaadin/external/google/android-json/0.0.20131108.vaadin1/android-json-0.0.20131108.vaadin1.jar:/Users/mau-mbp/.m2/repository/org/springframework/spring-core/5.3.18/spring-core-5.3.18.jar:/Users/mau-mbp/.m2/repository/org/springframework/spring-jcl/5.3.18/spring-jcl-5.3.18.jar:/Users/mau-mbp/.m2/repository/org/springframework/spring-test/5.3.18/spring-test-5.3.18.jar:/Users/mau-mbp/.m2/repository/org/xmlunit/xmlunit-core/2.8.4/xmlunit-core-2.8.4.jar:/Users/mau-mbp/.m2/repository/junit/junit/4.13.2/junit-4.13.2.jar:/Users/mau-mbp/.m2/repository/org/hamcrest/hamcrest-core/2.2/hamcrest-core-2.2.jar:/Users/mau-mbp/.m2/repository/org/springframework/boot/spring-boot-starter-data-rest/2.6.6/spring-boot-starter-data-rest-2.6.6.jar:/Users/mau-mbp/.m2/repository/org/springframework/data/spring-data-rest-webmvc/3.6.3/spring-data-rest-webmvc-3.6.3.jar:/Users/mau-mbp/.m2/repository/org/springframework/data/spring-data-rest-core/3.6.3/spring-data-rest-core-3.6.3.jar:/Users/mau-mbp/.m2/repository/org/springframework/hateoas/spring-hateoas/1.4.1/spring-hateoas-1.4.1.jar:/Users/mau-mbp/.m2/repository/org/springframework/plugin/spring-plugin-core/2.0.0.RELEASE/spring-plugin-core-2.0.0.RELEASE.jar:/Users/mau-mbp/.m2/repository/org/atteo/evo-inflector/1.3/evo-inflector-1.3.jar:/Users/mau-mbp/.m2/repository/com/fasterxml/jackson/core/jackson-annotations/2.13.2/jackson-annotations-2.13.2.jar:/Users/mau-mbp/.m2/repository/org/projectlombok/lombok/1.18.22/lombok-1.18.22.jar:/Users/mau-mbp/.m2/repository/org/springdoc/springdoc-openapi-ui/1.6.4/springdoc-openapi-ui-1.6.4.jar:/Users/mau-mbp/.m2/repository/org/springdoc/springdoc-openapi-webmvc-core/1.6.4/springdoc-openapi-webmvc-core-1.6.4.jar:/Users/mau-mbp/.m2/repository/org/springdoc/springdoc-openapi-common/1.6.4/springdoc-openapi-common-1.6.4.jar:/Users/mau-mbp/.m2/repository/io/swagger/core/v3/swagger-core/2.1.12/swagger-core-2.1.12.jar:/Users/mau-mbp/.m2/repository/org/apache/commons/commons-lang3/3.12.0/commons-lang3-3.12.0.jar:/Users/mau-mbp/.m2/repository/com/fasterxml/jackson/dataformat/jackson-dataformat-yaml/2.13.2/jackson-dataformat-yaml-2.13.2.jar:/Users/mau-mbp/.m2/repository/io/swagger/core/v3/swagger-annotations/2.1.12/swagger-annotations-2.1.12.jar:/Users/mau-mbp/.m2/repository/io/swagger/core/v3/swagger-models/2.1.12/swagger-models-2.1.12.jar:/Users/mau-mbp/.m2/repository/jakarta/validation/jakarta.validation-api/2.0.2/jakarta.validation-api-2.0.2.jar:/Users/mau-mbp/.m2/repository/org/webjars/swagger-ui/4.1.3/swagger-ui-4.1.3.jar:/Users/mau-mbp/.m2/repository/org/webjars/webjars-locator-core/0.48/webjars-locator-core-0.48.jar:/Users/mau-mbp/.m2/repository/com/fasterxml/jackson/core/jackson-core/2.13.2/jackson-core-2.13.2.jar:/Users/mau-mbp/.m2/repository/io/github/classgraph/classgraph/4.8.138/classgraph-4.8.138.jar:/Users/mau-mbp/.m2/repository/org/springframework/boot/spring-boot-starter-data-jpa/2.6.6/spring-boot-starter-data-jpa-2.6.6.jar:/Users/mau-mbp/.m2/repository/org/springframework/boot/spring-boot-starter-aop/2.6.6/spring-boot-starter-aop-2.6.6.jar:/Users/mau-mbp/.m2/repository/org/aspectj/aspectjweaver/1.9.7/aspectjweaver-1.9.7.jar:/Users/mau-mbp/.m2/repository/org/springframework/boot/spring-boot-starter-jdbc/2.6.6/spring-boot-starter-jdbc-2.6.6.jar:/Users/mau-mbp/.m2/repository/com/zaxxer/HikariCP/4.0.3/HikariCP-4.0.3.jar:/Users/mau-mbp/.m2/repository/org/springframework/spring-jdbc/5.3.18/spring-jdbc-5.3.18.jar:/Users/mau-mbp/.m2/repository/jakarta/transaction/jakarta.transaction-api/1.3.3/jakarta.transaction-api-1.3.3.jar:/Users/mau-mbp/.m2/repository/jakarta/persistence/jakarta.persistence-api/2.2.3/jakarta.persistence-api-2.2.3.jar:/Users/mau-mbp/.m2/repository/org/hibernate/hibernate-core/5.6.7.Final/hibernate-core-5.6.7.Final.jar:/Users/mau-mbp/.m2/repository/org/jboss/logging/jboss-logging/3.4.3.Final/jboss-logging-3.4.3.Final.jar:/Users/mau-mbp/.m2/repository/antlr/antlr/2.7.7/antlr-2.7.7.jar:/Users/mau-mbp/.m2/repository/org/jboss/jandex/2.4.2.Final/jandex-2.4.2.Final.jar:/Users/mau-mbp/.m2/repository/com/fasterxml/classmate/1.5.1/classmate-1.5.1.jar:/Users/mau-mbp/.m2/repository/org/hibernate/common/hibernate-commons-annotations/5.1.2.Final/hibernate-commons-annotations-5.1.2.Final.jar:/Users/mau-mbp/.m2/repository/org/glassfish/jaxb/jaxb-runtime/2.3.6/jaxb-runtime-2.3.6.jar:/Users/mau-mbp/.m2/repository/org/glassfish/jaxb/txw2/2.3.6/txw2-2.3.6.jar:/Users/mau-mbp/.m2/repository/com/sun/istack/istack-commons-runtime/3.0.12/istack-commons-runtime-3.0.12.jar:/Users/mau-mbp/.m2/repository/com/sun/activation/jakarta.activation/1.2.2/jakarta.activation-1.2.2.jar:/Users/mau-mbp/.m2/repository/org/springframework/data/spring-data-jpa/2.6.3/spring-data-jpa-2.6.3.jar:/Users/mau-mbp/.m2/repository/org/springframework/data/spring-data-commons/2.6.3/spring-data-commons-2.6.3.jar:/Users/mau-mbp/.m2/repository/org/springframework/spring-orm/5.3.18/spring-orm-5.3.18.jar:/Users/mau-mbp/.m2/repository/org/springframework/spring-tx/5.3.18/spring-tx-5.3.18.jar:/Users/mau-mbp/.m2/repository/org/springframework/spring-aspects/5.3.18/spring-aspects-5.3.18.jar:/Users/mau-mbp/.m2/repository/mysql/mysql-connector-java/8.0.28/mysql-connector-java-8.0.28.jar:/Users/mau-mbp/.m2/repository/org/apache/maven/plugins/maven-war-plugin/3.3.2/maven-war-plugin-3.3.2.jar:/Users/mau-mbp/.m2/repository/org/apache/maven/maven-plugin-api/3.1.0/maven-plugin-api-3.1.0.jar:/Users/mau-mbp/.m2/repository/org/apache/maven/maven-core/3.1.0/maven-core-3.1.0.jar:/Users/mau-mbp/.m2/repository/org/apache/maven/maven-settings/3.1.0/maven-settings-3.1.0.jar:/Users/mau-mbp/.m2/repository/org/apache/maven/maven-settings-builder/3.1.0/maven-settings-builder-3.1.0.jar:/Users/mau-mbp/.m2/repository/org/apache/maven/maven-repository-metadata/3.1.0/maven-repository-metadata-3.1.0.jar:/Users/mau-mbp/.m2/repository/org/apache/maven/maven-model-builder/3.1.0/maven-model-builder-3.1.0.jar:/Users/mau-mbp/.m2/repository/org/apache/maven/maven-aether-provider/3.1.0/maven-aether-provider-3.1.0.jar:/Users/mau-mbp/.m2/repository/org/eclipse/aether/aether-spi/0.9.0.M2/aether-spi-0.9.0.M2.jar:/Users/mau-mbp/.m2/repository/org/eclipse/aether/aether-impl/0.9.0.M2/aether-impl-0.9.0.M2.jar:/Users/mau-mbp/.m2/repository/org/eclipse/aether/aether-util/0.9.0.M2/aether-util-0.9.0.M2.jar:/Users/mau-mbp/.m2/repository/org/codehaus/plexus/plexus-classworlds/2.4.2/plexus-classworlds-2.4.2.jar:/Users/mau-mbp/.m2/repository/org/codehaus/plexus/plexus-component-annotations/1.5.5/plexus-component-annotations-1.5.5.jar:/Users/mau-mbp/.m2/repository/org/sonatype/plexus/plexus-sec-dispatcher/1.3/plexus-sec-dispatcher-1.3.jar:/Users/mau-mbp/.m2/repository/org/sonatype/plexus/plexus-cipher/1.4/plexus-cipher-1.4.jar:/Users/mau-mbp/.m2/repository/org/apache/maven/maven-model/3.1.0/maven-model-3.1.0.jar:/Users/mau-mbp/.m2/repository/org/apache/maven/maven-archiver/3.5.0/maven-archiver-3.5.0.jar:/Users/mau-mbp/.m2/repository/org/apache/maven/maven-artifact/3.1.0/maven-artifact-3.1.0.jar:/Users/mau-mbp/.m2/repository/org/apache/maven/shared/maven-shared-utils/3.2.1/maven-shared-utils-3.2.1.jar:/Users/mau-mbp/.m2/repository/commons-io/commons-io/2.6/commons-io-2.6.jar:/Users/mau-mbp/.m2/repository/org/codehaus/plexus/plexus-archiver/4.2.2/plexus-archiver-4.2.2.jar:/Users/mau-mbp/.m2/repository/org/codehaus/plexus/plexus-io/3.2.0/plexus-io-3.2.0.jar:/Users/mau-mbp/.m2/repository/org/apache/commons/commons-compress/1.20/commons-compress-1.20.jar:/Users/mau-mbp/.m2/repository/org/iq80/snappy/snappy/0.4/snappy-0.4.jar:/Users/mau-mbp/.m2/repository/org/tukaani/xz/1.8/xz-1.8.jar:/Users/mau-mbp/.m2/repository/org/codehaus/plexus/plexus-interpolation/1.26/plexus-interpolation-1.26.jar:/Users/mau-mbp/.m2/repository/org/codehaus/plexus/plexus-utils/3.3.0/plexus-utils-3.3.0.jar:/Users/mau-mbp/.m2/repository/org/apache/maven/shared/maven-filtering/3.1.1/maven-filtering-3.1.1.jar:/Users/mau-mbp/.m2/repository/org/sonatype/plexus/plexus-build-api/0.0.7/plexus-build-api-0.0.7.jar:/Users/mau-mbp/.m2/repository/org/apache/maven/shared/maven-mapping/3.0.0/maven-mapping-3.0.0.jar:/Users/mau-mbp/.m2/repository/org/eclipse/aether/aether-api/0.9.0.M2/aether-api-0.9.0.M2.jar:/Users/mau-mbp/.m2/repository/org/eclipse/sisu/org.eclipse.sisu.plexus/0.0.0.M2a/org.eclipse.sisu.plexus-0.0.0.M2a.jar:/Users/mau-mbp/.m2/repository/javax/enterprise/cdi-api/1.0/cdi-api-1.0.jar:/Users/mau-mbp/.m2/repository/javax/annotation/jsr250-api/1.0/jsr250-api-1.0.jar:/Users/mau-mbp/.m2/repository/javax/inject/javax.inject/1/javax.inject-1.jar:/Users/mau-mbp/.m2/repository/org/sonatype/sisu/sisu-guice/3.1.0/sisu-guice-3.1.0-no_aop.jar:/Users/mau-mbp/.m2/repository/aopalliance/aopalliance/1.0/aopalliance-1.0.jar:/Users/mau-mbp/.m2/repository/org/eclipse/sisu/org.eclipse.sisu.inject/0.0.0.M2a/org.eclipse.sisu.inject-0.0.0.M2a.jar:/Users/mau-mbp/.m2/repository/asm/asm/3.3.1/asm-3.3.1.jar:/Users/mau-mbp/.m2/repository/com/github/spotbugs/spotbugs-annotations/4.5.0/spotbugs-annotations-4.5.0.jar:/Users/mau-mbp/.m2/repository/com/google/code/findbugs/jsr305/3.0.2/jsr305-3.0.2.jar:/Users/mau-mbp/.m2/repository/com/google/cloud/google-cloud-core/2.3.2/google-cloud-core-2.3.2-tests.jar:/Users/mau-mbp/.m2/repository/com/google/guava/guava/31.0.1-jre/guava-31.0.1-jre.jar:/Users/mau-mbp/.m2/repository/com/google/guava/failureaccess/1.0.1/failureaccess-1.0.1.jar:/Users/mau-mbp/.m2/repository/com/google/guava/listenablefuture/9999.0-empty-to-avoid-conflict-with-guava/listenablefuture-9999.0-empty-to-avoid-conflict-with-guava.jar:/Users/mau-mbp/.m2/repository/org/checkerframework/checker-qual/3.12.0/checker-qual-3.12.0.jar:/Users/mau-mbp/.m2/repository/com/google/errorprone/error_prone_annotations/2.7.1/error_prone_annotations-2.7.1.jar:/Users/mau-mbp/.m2/repository/com/google/j2objc/j2objc-annotations/1.3/j2objc-annotations-1.3.jar:/Users/mau-mbp/.m2/repository/com/google/api/gax/2.7.0/gax-2.7.0.jar:/Users/mau-mbp/.m2/repository/io/opencensus/opencensus-api/0.28.0/opencensus-api-0.28.0.jar:/Users/mau-mbp/.m2/repository/io/grpc/grpc-context/1.27.2/grpc-context-1.27.2.jar:/Users/mau-mbp/.m2/repository/com/google/auto/value/auto-value-annotations/1.8.2/auto-value-annotations-1.8.2.jar:/Users/mau-mbp/.m2/repository/com/google/protobuf/protobuf-java-util/3.19.1/protobuf-java-util-3.19.1.jar:/Users/mau-mbp/.m2/repository/com/google/code/gson/gson/2.8.9/gson-2.8.9.jar:/Users/mau-mbp/.m2/repository/com/google/api/grpc/proto-google-common-protos/2.7.0/proto-google-common-protos-2.7.0.jar:/Users/mau-mbp/.m2/repository/com/google/api/grpc/proto-google-iam-v1/1.1.7/proto-google-iam-v1-1.1.7.jar:/Users/mau-mbp/.m2/repository/org/threeten/threetenbp/1.5.2/threetenbp-1.5.2.jar:/Users/mau-mbp/.m2/repository/com/google/api/api-common/2.1.1/api-common-2.1.1.jar:/Users/mau-mbp/.m2/repository/javax/annotation/javax.annotation-api/1.3.2/javax.annotation-api-1.3.2.jar:/Users/mau-mbp/.m2/repository/com/google/auth/google-auth-library-credentials/1.3.0/google-auth-library-credentials-1.3.0.jar:/Users/mau-mbp/.m2/repository/com/google/auth/google-auth-library-oauth2-http/1.3.0/google-auth-library-oauth2-http-1.3.0.jar:/Users/mau-mbp/.m2/repository/com/google/http-client/google-http-client/1.40.1/google-http-client-1.40.1.jar:/Users/mau-mbp/.m2/repository/org/apache/httpcomponents/httpclient/4.5.13/httpclient-4.5.13.jar:/Users/mau-mbp/.m2/repository/commons-codec/commons-codec/1.15/commons-codec-1.15.jar:/Users/mau-mbp/.m2/repository/org/apache/httpcomponents/httpcore/4.4.15/httpcore-4.4.15.jar:/Users/mau-mbp/.m2/repository/io/opencensus/opencensus-contrib-http-util/0.28.0/opencensus-contrib-http-util-0.28.0.jar:/Users/mau-mbp/.m2/repository/com/google/http-client/google-http-client-gson/1.40.1/google-http-client-gson-1.40.1.jar:/Users/mau-mbp/.m2/repository/com/google/protobuf/protobuf-java/3.19.1/protobuf-java-3.19.1.jar:"/>
    <property name="sun.cpu.endian" value="little"/>
    <property name="user.home" value="/Users/mau-mbp"/>
    <property name="user.language" value="en"/>
    <property name="java.specification.vendor" value="Oracle Corporation"/>
    <property name="java.home" value="/Library/Java/JavaVirtualMachines/jdk1.8.0_331.jdk/Contents/Home/jre"/>
    <property name="basedir" value="/Users/mau-mbp/workspace/app-caja-los-heroes-cliente"/>
    <property name="file.separator" value="/"/>
    <property name="line.separator" value="&#10;"/>
    <property name="java.vm.specification.vendor" value="Oracle Corporation"/>
    <property name="java.specification.name" value="Java Platform API Specification"/>
    <property name="java.awt.graphicsenv" value="sun.awt.CGraphicsEnvironment"/>
    <property name="surefire.real.class.path" value="/Users/mau-mbp/workspace/app-caja-los-heroes-cliente/target/surefire/surefirebooter3223672881317119146.jar:/Users/mau-mbp/.m2/repository/org/jacoco/org.jacoco.agent/0.8.7/org.jacoco.agent-0.8.7-runtime.jar"/>
    <property name="sun.boot.class.path" value="/Library/Java/JavaVirtualMachines/jdk1.8.0_331.jdk/Contents/Home/jre/lib/resources.jar:/Library/Java/JavaVirtualMachines/jdk1.8.0_331.jdk/Contents/Home/jre/lib/rt.jar:/Library/Java/JavaVirtualMachines/jdk1.8.0_331.jdk/Contents/Home/jre/lib/sunrsasign.jar:/Library/Java/JavaVirtualMachines/jdk1.8.0_331.jdk/Contents/Home/jre/lib/jsse.jar:/Library/Java/JavaVirtualMachines/jdk1.8.0_331.jdk/Contents/Home/jre/lib/jce.jar:/Library/Java/JavaVirtualMachines/jdk1.8.0_331.jdk/Contents/Home/jre/lib/charsets.jar:/Library/Java/JavaVirtualMachines/jdk1.8.0_331.jdk/Contents/Home/jre/lib/jfr.jar:/Library/Java/JavaVirtualMachines/jdk1.8.0_331.jdk/Contents/Home/jre/classes"/>
    <property name="sun.management.compiler" value="HotSpot 64-Bit Tiered Compilers"/>
    <property name="ftp.nonProxyHosts" value="local|*.local|169.254/16|*.169.254/16"/>
    <property name="java.runtime.version" value="1.8.0_331-b09"/>
    <property name="user.name" value="mau-mbp"/>
    <property name="path.separator" value=":"/>
    <property name="os.version" value="12.6"/>
    <property name="java.endorsed.dirs" value="/Library/Java/JavaVirtualMachines/jdk1.8.0_331.jdk/Contents/Home/jre/lib/endorsed"/>
    <property name="java.runtime.name" value="Java(TM) SE Runtime Environment"/>
    <property name="file.encoding" value="UTF-8"/>
    <property name="java.vm.name" value="Java HotSpot(TM) 64-Bit Server VM"/>
    <property name="localRepository" value="/Users/mau-mbp/.m2/repository"/>
    <property name="java.vendor.url.bug" value="http://bugreport.sun.com/bugreport/"/>
    <property name="java.io.tmpdir" value="/var/folders/r0/3zn0wc_j3_d18vkk20_40wdw0000gn/T/"/>
    <property name="java.version" value="1.8.0_331"/>
    <property name="user.dir" value="/Users/mau-mbp/workspace/app-caja-los-heroes-cliente"/>
    <property name="os.arch" value="x86_64"/>
    <property name="java.vm.specification.name" value="Java Virtual Machine Specification"/>
    <property name="java.awt.printerjob" value="sun.lwawt.macosx.CPrinterJob"/>
    <property name="sun.os.patch.level" value="unknown"/>
    <property name="java.library.path" value="/Users/mau-mbp/Library/Java/Extensions:/Library/Java/Extensions:/Network/Library/Java/Extensions:/System/Library/Java/Extensions:/usr/lib/java:."/>
    <property name="java.vm.info" value="mixed mode"/>
    <property name="java.vendor" value="Oracle Corporation"/>
    <property name="java.vm.version" value="25.331-b09"/>
    <property name="java.ext.dirs" value="/Users/mau-mbp/Library/Java/Extensions:/Library/Java/JavaVirtualMachines/jdk1.8.0_331.jdk/Contents/Home/jre/lib/ext:/Library/Java/Extensions:/Network/Library/Java/Extensions:/System/Library/Java/Extensions:/usr/lib/java"/>
    <property name="sun.io.unicode.encoding" value="UnicodeBig"/>
    <property name="java.class.version" value="52.0"/>
    <property name="socksNonProxyHosts" value="local|*.local|169.254/16|*.169.254/16"/>
  </properties>
  <testcase name="contextLoads" classname="com.losheroes.app.cliente.ClienteApplicationTests(sponge_log)" time="0.795"/>
</testsuite>